<?xml version="1.0" encoding="UTF-8"?>

<mule xmlns:dynamicscrm="http://www.mulesoft.org/schema/mule/dynamicscrm"
xmlns:sfdc="http://www.mulesoft.org/schema/mule/sfdc"
xmlns="http://www.mulesoft.org/schema/mule/core" 
xmlns:doc="http://www.mulesoft.org/schema/mule/documentation"
version="EE-3.7.1" 
xmlns:xsi="http://www.w3.org/2001/XMLSchema-instance" 
xsi:schemaLocation="http://www.mulesoft.org/schema/mule/core http://www.mulesoft.org/schema/mule/core/current/mule.xsd
http://www.mulesoft.org/schema/mule/sfdc http://www.mulesoft.org/schema/mule/sfdc/current/mule-sfdc.xsd
http://www.mulesoft.org/schema/mule/dynamicscrm http://www.mulesoft.org/schema/mule/dynamicscrm/current/mule-dynamicscrm.xsd">

    <sub-flow name="createContactInAFlow" >
        <sfdc:create config-ref="SalesforceA" type="Contact" doc:name="Salesforce">
            <sfdc:objects ref="#[payload]"/>
        </sfdc:create>
    </sub-flow>
        <sub-flow name="createContactInBFlow" >
        <foreach doc:name="For Each">
            <dynamicscrm:create config-ref="MS_Dynamics_CRM" logicalName="contact" doc:name="Microsoft Dynamics CRM">
                <dynamicscrm:attributes ref="#[payload]"/>
            </dynamicscrm:create>
        </foreach>

    </sub-flow>
    <sub-flow name="retrieveContactFromMsDynamics">
        <dynamicscrm:retrieve-multiple-by-query config-ref="MS_Dynamics_CRM" query="dsql:SELECT contactid FROM contact WHERE lastname = '#[payload[&quot;lastname&quot;]]'" doc:name="Microsoft Dynamics CRM"/>
    </sub-flow>
    <sub-flow name="deleteContactFromAFlow" >
        <sfdc:delete config-ref="SalesforceA" doc:name="Salesforce">
            <sfdc:ids ref="#[payload]"/>
        </sfdc:delete>
    </sub-flow>
    <sub-flow name="deleteContactFromBFlow" >
        <foreach doc:name="For Each">
            <dynamicscrm:delete config-ref="MS_Dynamics_CRM" logicalName="contact" doc:name="Microsoft Dynamics CRM"/>
        </foreach>
    </sub-flow>   

</mule>
